RevCare/build/intermediates/manifest_merge_blame_file/debug/manifest-merger-blame-debug-report.txt
1<?xml version="1.0" encoding="utf-8"?>
2<manifest xmlns:android="http://schemas.android.com/apk/res/android"
3    package="com.example.myapplication"
4    android:versionCode="1"
5    android:versionName="1.0" >
6
7    <uses-sdk
8        android:minSdkVersion="15"
8-->src\main\AndroidManifest.xml
9        android:targetSdkVersion="29" />
9-->src\main\AndroidManifest.xml
10
11    <application
11-->src\main\AndroidManifest.xml:5:5-24:19
12        android:allowBackup="true"
12-->src\main\AndroidManifest.xml:6:9-35
13        android:appComponentFactory="androidx.core.app.CoreComponentFactory"
13-->[androidx.core:core:1.1.0] AndroidManifest.xml:24:18-86
14        android:debuggable="true"
15        android:icon="@mipmap/ic_launcher"
15-->src\main\AndroidManifest.xml:7:9-43
16        android:label="@string/app_name"
16-->src\main\AndroidManifest.xml:8:9-41
17        android:roundIcon="@mipmap/ic_launcher_round"
17-->src\main\AndroidManifest.xml:9:9-54
18        android:supportsRtl="true"
18-->src\main\AndroidManifest.xml:10:9-35
19        android:testOnly="true"
20        android:theme="@style/AppTheme" >
20-->src\main\AndroidManifest.xml:11:9-40
21        <activity android:name="com.example.revcare.infra.gui.CadastroProfissionalActivity2" />
21-->src\main\AndroidManifest.xml:12:9-105
21-->src\main\AndroidManifest.xml:12:19-93
22        <activity android:name="com.example.revcare.infra.gui.CadastroProfissionalActivity" />
22-->src\main\AndroidManifest.xml:13:9-95
22-->src\main\AndroidManifest.xml:13:19-92
23        <activity android:name="com.example.revcare.infra.gui.CadastroUsuarioActivity2" />
23-->src\main\AndroidManifest.xml:14:9-91
23-->src\main\AndroidManifest.xml:14:19-88
24        <activity android:name="com.example.revcare.infra.gui.ServicosAgendados" />
24-->src\main\AndroidManifest.xml:15:9-84
24-->src\main\AndroidManifest.xml:15:19-81
25        <activity android:name="com.example.revcare.infra.gui.CadastroUsuarioActivity" />
25-->src\main\AndroidManifest.xml:16:9-90
25-->src\main\AndroidManifest.xml:16:19-87
26        <activity android:name="com.example.revcare.infra.gui.MainActivity" >
26-->src\main\AndroidManifest.xml:17:9-23:20
26-->src\main\AndroidManifest.xml:17:19-76
27            <intent-filter>
27-->src\main\AndroidManifest.xml:18:13-22:29
28                <action android:name="android.intent.action.MAIN" />
28-->src\main\AndroidManifest.xml:19:17-69
28-->src\main\AndroidManifest.xml:19:25-66
29
30                <category android:name="android.intent.category.LAUNCHER" />
30-->src\main\AndroidManifest.xml:21:17-77
30-->src\main\AndroidManifest.xml:21:27-74
31            </intent-filter>
32        </activity>
33    </application>
34
35</manifest>